2021/08/09 05:42:04 [emerg] 1#1: open() "/etc/nginx/nginx.conf" failed (2: No such file or directory)
2021/08/09 05:42:15 [emerg] 1#1: open() "/etc/nginx/nginx.conf" failed (2: No such file or directory)
2021/08/09 05:42:27 [emerg] 1#1: open() "/etc/nginx/nginx.conf" failed (2: No such file or directory)
2021/08/09 05:42:37 [emerg] 1#1: open() "/etc/nginx/nginx.conf" failed (2: No such file or directory)
2021/08/09 05:42:49 [emerg] 1#1: open() "/etc/nginx/nginx.conf" failed (2: No such file or directory)
2021/08/09 05:43:04 [emerg] 1#1: open() "/etc/nginx/nginx.conf" failed (2: No such file or directory)
2021/08/09 05:43:15 [emerg] 1#1: open() "/etc/nginx/nginx.conf" failed (2: No such file or directory)
2021/08/09 05:43:24 [emerg] 1#1: open() "/etc/nginx/nginx.conf" failed (2: No such file or directory)
2021/08/09 05:43:38 [emerg] 1#1: open() "/etc/nginx/nginx.conf" failed (2: No such file or directory)
2021/08/09 05:44:05 [emerg] 1#1: open() "/etc/nginx/nginx.conf" failed (2: No such file or directory)
2021/08/09 05:44:57 [emerg] 1#1: open() "/etc/nginx/nginx.conf" failed (2: No such file or directory)
2021/08/09 05:45:58 [emerg] 1#1: open() "/etc/nginx/nginx.conf" failed (2: No such file or directory)
2021/08/09 05:46:59 [emerg] 1#1: open() "/etc/nginx/nginx.conf" failed (2: No such file or directory)
2021/08/09 05:48:00 [emerg] 1#1: open() "/etc/nginx/nginx.conf" failed (2: No such file or directory)
2021/08/09 05:49:01 [emerg] 1#1: open() "/etc/nginx/nginx.conf" failed (2: No such file or directory)
2021/08/09 05:50:02 [emerg] 1#1: open() "/etc/nginx/nginx.conf" failed (2: No such file or directory)
2021/08/09 05:51:03 [emerg] 1#1: open() "/etc/nginx/nginx.conf" failed (2: No such file or directory)
2021/08/09 05:52:04 [emerg] 1#1: open() "/etc/nginx/nginx.conf" failed (2: No such file or directory)
2021/08/09 05:53:05 [emerg] 1#1: open() "/etc/nginx/nginx.conf" failed (2: No such file or directory)
2021/08/09 05:54:06 [emerg] 1#1: open() "/etc/nginx/nginx.conf" failed (2: No such file or directory)
2021/08/09 05:55:07 [emerg] 1#1: open() "/etc/nginx/nginx.conf" failed (2: No such file or directory)
2021/08/09 05:56:08 [emerg] 1#1: open() "/etc/nginx/nginx.conf" failed (2: No such file or directory)
2021/08/09 05:57:09 [emerg] 1#1: open() "/etc/nginx/nginx.conf" failed (2: No such file or directory)
2021/08/09 05:58:10 [emerg] 1#1: open() "/etc/nginx/nginx.conf" failed (2: No such file or directory)
2021/08/09 05:59:11 [emerg] 1#1: open() "/etc/nginx/nginx.conf" failed (2: No such file or directory)
2021/08/09 06:00:12 [emerg] 1#1: open() "/etc/nginx/nginx.conf" failed (2: No such file or directory)
2021/08/09 06:01:12 [emerg] 1#1: open() "/etc/nginx/nginx.conf" failed (2: No such file or directory)
2021/08/09 06:02:14 [emerg] 1#1: open() "/etc/nginx/nginx.conf" failed (2: No such file or directory)
2021/08/09 06:03:15 [emerg] 1#1: open() "/etc/nginx/nginx.conf" failed (2: No such file or directory)
2021/08/09 06:04:16 [emerg] 1#1: open() "/etc/nginx/nginx.conf" failed (2: No such file or directory)
2021/08/09 06:05:17 [emerg] 1#1: open() "/etc/nginx/nginx.conf" failed (2: No such file or directory)
2021/08/09 06:06:18 [emerg] 1#1: open() "/etc/nginx/nginx.conf" failed (2: No such file or directory)
2021/08/09 06:07:19 [emerg] 1#1: open() "/etc/nginx/nginx.conf" failed (2: No such file or directory)
2021/08/09 06:08:19 [emerg] 1#1: open() "/etc/nginx/nginx.conf" failed (2: No such file or directory)
2021/08/09 06:09:20 [emerg] 1#1: open() "/etc/nginx/nginx.conf" failed (2: No such file or directory)
2021/08/09 06:10:21 [emerg] 1#1: open() "/etc/nginx/nginx.conf" failed (2: No such file or directory)
2021/08/09 06:11:22 [emerg] 1#1: open() "/etc/nginx/nginx.conf" failed (2: No such file or directory)
2021/08/09 06:12:23 [emerg] 1#1: open() "/etc/nginx/nginx.conf" failed (2: No such file or directory)
2021/08/09 06:13:24 [emerg] 1#1: open() "/etc/nginx/nginx.conf" failed (2: No such file or directory)
2021/08/09 06:14:25 [emerg] 1#1: open() "/etc/nginx/nginx.conf" failed (2: No such file or directory)
2021/08/09 06:15:26 [emerg] 1#1: open() "/etc/nginx/nginx.conf" failed (2: No such file or directory)
2021/08/09 06:16:27 [emerg] 1#1: open() "/etc/nginx/nginx.conf" failed (2: No such file or directory)
2021/08/09 06:17:28 [emerg] 1#1: open() "/etc/nginx/nginx.conf" failed (2: No such file or directory)
2021/08/09 06:18:29 [emerg] 1#1: open() "/etc/nginx/nginx.conf" failed (2: No such file or directory)
2021/08/09 06:19:30 [emerg] 1#1: open() "/etc/nginx/nginx.conf" failed (2: No such file or directory)
2021/08/09 06:20:31 [emerg] 1#1: open() "/etc/nginx/nginx.conf" failed (2: No such file or directory)
2021/08/09 06:21:32 [emerg] 1#1: open() "/etc/nginx/nginx.conf" failed (2: No such file or directory)
2021/08/09 06:22:33 [emerg] 1#1: open() "/etc/nginx/nginx.conf" failed (2: No such file or directory)
2021/08/09 06:23:34 [emerg] 1#1: open() "/etc/nginx/nginx.conf" failed (2: No such file or directory)
2021/08/09 06:24:35 [emerg] 1#1: open() "/etc/nginx/nginx.conf" failed (2: No such file or directory)
2021/08/09 06:25:36 [emerg] 1#1: open() "/etc/nginx/nginx.conf" failed (2: No such file or directory)
2021/08/09 06:26:37 [emerg] 1#1: open() "/etc/nginx/nginx.conf" failed (2: No such file or directory)
2021/08/09 06:27:38 [emerg] 1#1: open() "/etc/nginx/nginx.conf" failed (2: No such file or directory)
2021/08/09 06:28:39 [emerg] 1#1: open() "/etc/nginx/upstream.conf" failed (2: No such file or directory) in /etc/nginx/nginx.conf:8
2021/08/09 06:29:40 [emerg] 1#1: "worker_processes" directive is not allowed here in /etc/nginx/nginx.conf:1
2021/08/09 06:30:41 [emerg] 1#1: "worker_processes" directive is not allowed here in /etc/nginx/nginx.conf:1
2021/08/09 06:31:42 [emerg] 1#1: "worker_processes" directive is not allowed here in /etc/nginx/nginx.conf:1
2021/08/09 06:32:43 [emerg] 1#1: "worker_processes" directive is not allowed here in /etc/nginx/nginx.conf:1
2021/08/09 06:33:44 [emerg] 1#1: "worker_processes" directive is not allowed here in /etc/nginx/nginx.conf:1
2021/08/09 06:34:45 [emerg] 1#1: "worker_processes" directive is not allowed here in /etc/nginx/nginx.conf:1
2021/08/09 06:35:46 [emerg] 1#1: "worker_processes" directive is not allowed here in /etc/nginx/nginx.conf:1
2021/08/09 06:36:47 [emerg] 1#1: "worker_processes" directive is not allowed here in /etc/nginx/nginx.conf:1
2021/08/09 06:37:48 [emerg] 1#1: "worker_processes" directive is not allowed here in /etc/nginx/nginx.conf:1
2021/08/09 06:38:49 [emerg] 1#1: "worker_processes" directive is not allowed here in /etc/nginx/nginx.conf:1
2021/08/09 06:39:50 [emerg] 1#1: "worker_processes" directive is not allowed here in /etc/nginx/nginx.conf:1
2021/08/09 06:40:51 [emerg] 1#1: "worker_processes" directive is not allowed here in /etc/nginx/nginx.conf:1
2021/08/09 06:41:52 [emerg] 1#1: "worker_processes" directive is not allowed here in /etc/nginx/nginx.conf:1
2021/08/09 06:42:53 [emerg] 1#1: "worker_processes" directive is not allowed here in /etc/nginx/nginx.conf:1
2021/08/09 06:43:53 [emerg] 1#1: "worker_processes" directive is not allowed here in /etc/nginx/nginx.conf:1
2021/08/09 06:44:54 [emerg] 1#1: "worker_processes" directive is not allowed here in /etc/nginx/nginx.conf:1
2021/08/09 06:45:55 [emerg] 1#1: open() "/etc/nginx/fastcgi_params" failed (2: No such file or directory) in /etc/nginx/hank.zoey.conf:17
2021/08/09 06:46:56 [emerg] 1#1: open() "/etc/nginx/fastcgi_params" failed (2: No such file or directory) in /etc/nginx/hank.zoey.conf:17
2021/08/09 06:47:57 [emerg] 1#1: open() "/etc/nginx/fastcgi_params" failed (2: No such file or directory) in /etc/nginx/hank.zoey.conf:17
2021/08/09 06:48:58 [emerg] 1#1: open() "/etc/nginx/fastcgi_params" failed (2: No such file or directory) in /etc/nginx/hank.zoey.conf:17
2021/08/09 06:49:59 [emerg] 1#1: open() "/etc/nginx/fastcgi_params" failed (2: No such file or directory) in /etc/nginx/hank.zoey.conf:17
2021/08/09 06:51:00 [emerg] 1#1: open() "/etc/nginx/fastcgi_params" failed (2: No such file or directory) in /etc/nginx/hank.zoey.conf:17
2021/08/09 06:52:01 [emerg] 1#1: open() "/etc/nginx/fastcgi_params" failed (2: No such file or directory) in /etc/nginx/hank.zoey.conf:17
2021/08/09 06:53:02 [emerg] 1#1: open() "/etc/nginx/fastcgi_params" failed (2: No such file or directory) in /etc/nginx/hank.zoey.conf:17
2021/08/09 06:54:03 [emerg] 1#1: open() "/etc/nginx/fastcgi_params" failed (2: No such file or directory) in /etc/nginx/hank.zoey.conf:17
2021/08/09 06:55:04 [emerg] 1#1: open() "/etc/nginx/fastcgi_params" failed (2: No such file or directory) in /etc/nginx/hank.zoey.conf:17
2021/08/09 06:56:05 [emerg] 1#1: open() "/etc/nginx/fastcgi_params" failed (2: No such file or directory) in /etc/nginx/hank.zoey.conf:17
2021/08/09 06:57:06 [emerg] 1#1: open() "/etc/nginx/fastcgi_params" failed (2: No such file or directory) in /etc/nginx/hank.zoey.conf:17
2021/08/09 06:58:07 [emerg] 1#1: open() "/etc/nginx/fastcgi_params" failed (2: No such file or directory) in /etc/nginx/hank.zoey.conf:17
2021/08/09 07:00:23 [emerg] 1#1: open() "/etc/nginx/fastcgi_params" failed (2: No such file or directory) in /etc/nginx/hank.zoey.conf:17
2021/08/09 07:00:31 [emerg] 1#1: open() "/etc/nginx/fastcgi_params" failed (2: No such file or directory) in /etc/nginx/hank.zoey.conf:17
2021/08/09 07:00:39 [emerg] 1#1: open() "/etc/nginx/fastcgi_params" failed (2: No such file or directory) in /etc/nginx/hank.zoey.conf:17
2021/08/09 07:00:49 [emerg] 1#1: open() "/etc/nginx/fastcgi_params" failed (2: No such file or directory) in /etc/nginx/hank.zoey.conf:17
2021/08/09 07:00:56 [emerg] 1#1: open() "/etc/nginx/fastcgi_params" failed (2: No such file or directory) in /etc/nginx/hank.zoey.conf:17
2021/08/09 07:01:05 [emerg] 1#1: open() "/etc/nginx/fastcgi_params" failed (2: No such file or directory) in /etc/nginx/hank.zoey.conf:17
2021/08/09 07:01:13 [emerg] 1#1: open() "/etc/nginx/fastcgi_params" failed (2: No such file or directory) in /etc/nginx/hank.zoey.conf:17
2021/08/09 07:01:21 [emerg] 1#1: open() "/etc/nginx/fastcgi_params" failed (2: No such file or directory) in /etc/nginx/hank.zoey.conf:17
2021/08/09 07:01:34 [emerg] 1#1: open() "/etc/nginx/fastcgi_params" failed (2: No such file or directory) in /etc/nginx/hank.zoey.conf:17
2021/08/09 07:02:01 [emerg] 1#1: open() "/etc/nginx/fastcgi_params" failed (2: No such file or directory) in /etc/nginx/hank.zoey.conf:17
2021/08/09 07:02:53 [emerg] 1#1: open() "/etc/nginx/fastcgi_params" failed (2: No such file or directory) in /etc/nginx/hank.zoey.conf:17
2021/08/09 07:03:54 [emerg] 1#1: open() "/etc/nginx/fastcgi_params" failed (2: No such file or directory) in /etc/nginx/hank.zoey.conf:17
2021/08/09 07:04:55 [emerg] 1#1: open() "/etc/nginx/fastcgi_params" failed (2: No such file or directory) in /etc/nginx/hank.zoey.conf:17
2021/08/09 07:05:56 [emerg] 1#1: open() "/etc/nginx/fastcgi_params" failed (2: No such file or directory) in /etc/nginx/hank.zoey.conf:17
2021/08/09 07:06:57 [emerg] 1#1: open() "/etc/nginx/fastcgi_params" failed (2: No such file or directory) in /etc/nginx/hank.zoey.conf:17
2021/08/09 07:07:58 [emerg] 1#1: open() "/etc/nginx/fastcgi_params" failed (2: No such file or directory) in /etc/nginx/hank.zoey.conf:17
2021/08/09 07:08:59 [emerg] 1#1: open() "/etc/nginx/fastcgi_params" failed (2: No such file or directory) in /etc/nginx/hank.zoey.conf:17
2021/08/09 07:10:00 [emerg] 1#1: invalid number of arguments in "include" directive in /etc/nginx/nginx.conf:8
2021/08/09 07:11:01 [emerg] 1#1: invalid number of arguments in "include" directive in /etc/nginx/nginx.conf:8
2021/08/09 07:12:02 [emerg] 1#1: invalid number of arguments in "include" directive in /etc/nginx/nginx.conf:8
2021/08/09 07:24:55 [emerg] 1#1: open() "/etc/nginx/fastcgi_params" failed (2: No such file or directory) in /etc/nginx/conf.d/hank.zoey.conf:17
2021/08/09 07:24:58 [emerg] 1#1: open() "/etc/nginx/fastcgi_params" failed (2: No such file or directory) in /etc/nginx/conf.d/hank.zoey.conf:17
2021/08/09 07:25:03 [emerg] 1#1: open() "/etc/nginx/fastcgi_params" failed (2: No such file or directory) in /etc/nginx/conf.d/hank.zoey.conf:17
2021/08/09 07:25:07 [emerg] 1#1: open() "/etc/nginx/fastcgi_params" failed (2: No such file or directory) in /etc/nginx/conf.d/hank.zoey.conf:17
2021/08/09 07:25:11 [emerg] 1#1: open() "/etc/nginx/fastcgi_params" failed (2: No such file or directory) in /etc/nginx/conf.d/hank.zoey.conf:17
2021/08/09 07:25:16 [emerg] 1#1: open() "/etc/nginx/fastcgi_params" failed (2: No such file or directory) in /etc/nginx/conf.d/hank.zoey.conf:17
2021/08/09 07:25:20 [emerg] 1#1: open() "/etc/nginx/fastcgi_params" failed (2: No such file or directory) in /etc/nginx/conf.d/hank.zoey.conf:17
2021/08/09 07:25:27 [emerg] 1#1: open() "/etc/nginx/fastcgi_params" failed (2: No such file or directory) in /etc/nginx/conf.d/hank.zoey.conf:17
2021/08/09 07:25:41 [emerg] 1#1: open() "/etc/nginx/fastcgi_params" failed (2: No such file or directory) in /etc/nginx/conf.d/hank.zoey.conf:17
2021/08/09 07:26:08 [emerg] 1#1: open() "/etc/nginx/fastcgi_params" failed (2: No such file or directory) in /etc/nginx/conf.d/hank.zoey.conf:17
2021/08/09 07:27:00 [emerg] 1#1: open() "/etc/nginx/fastcgi_params" failed (2: No such file or directory) in /etc/nginx/conf.d/hank.zoey.conf:17
2021/08/09 07:28:01 [emerg] 1#1: open() "/etc/nginx/fastcgi_params" failed (2: No such file or directory) in /etc/nginx/conf.d/hank.zoey.conf:17
2021/08/09 07:29:02 [emerg] 1#1: open() "/etc/nginx/fastcgi_params" failed (2: No such file or directory) in /etc/nginx/conf.d/hank.zoey.conf:17
2021/08/09 07:33:38 [error] 31#31: *1 directory index of "/usr/share/nginx/html/" is forbidden, client: 172.18.0.1, server: localhost, request: "GET / HTTP/1.1", host: "localhost"
2021/08/09 07:33:39 [error] 31#31: *1 open() "/usr/share/nginx/html/favicon.ico" failed (2: No such file or directory), client: 172.18.0.1, server: localhost, request: "GET /favicon.ico HTTP/1.1", host: "localhost", referrer: "http://localhost/"
2021/08/09 07:38:59 [error] 31#31: *3 directory index of "/usr/share/nginx/html/" is forbidden, client: 172.18.0.1, server: localhost, request: "GET / HTTP/1.1", host: "172.18.0.3"
2021/08/09 07:39:00 [error] 31#31: *3 open() "/usr/share/nginx/html/favicon.ico" failed (2: No such file or directory), client: 172.18.0.1, server: localhost, request: "GET /favicon.ico HTTP/1.1", host: "172.18.0.3", referrer: "http://172.18.0.3/"
2021/08/09 07:40:51 [error] 31#31: *8 directory index of "/usr/share/nginx/html/" is forbidden, client: 172.18.0.1, server: localhost, request: "GET / HTTP/1.1", host: "localhost"
2021/08/09 07:40:59 [error] 31#31: *10 directory index of "/usr/share/nginx/html/" is forbidden, client: 172.18.0.1, server: localhost, request: "GET / HTTP/1.1", host: "127.0.0.1"
2021/08/09 07:40:59 [error] 31#31: *10 open() "/usr/share/nginx/html/favicon.ico" failed (2: No such file or directory), client: 172.18.0.1, server: localhost, request: "GET /favicon.ico HTTP/1.1", host: "127.0.0.1", referrer: "http://127.0.0.1/"
2021/08/09 08:05:35 [error] 31#31: *21 directory index of "/usr/share/nginx/html/" is forbidden, client: 172.18.0.1, server: localhost, request: "GET / HTTP/1.1", host: "localhost"
2021/08/09 08:05:39 [error] 31#31: *23 directory index of "/usr/share/nginx/html/" is forbidden, client: 172.18.0.1, server: localhost, request: "GET / HTTP/1.1", host: "127.0.0.1"
2021/08/09 08:10:47 [error] 31#31: *25 directory index of "/usr/share/nginx/html/" is forbidden, client: 172.18.0.1, server: localhost, request: "GET / HTTP/1.1", host: "127.0.0.1"
2021/08/09 08:10:50 [error] 31#31: *25 directory index of "/usr/share/nginx/html/" is forbidden, client: 172.18.0.1, server: localhost, request: "GET / HTTP/1.1", host: "127.0.0.1"
2021/08/09 11:10:02 [emerg] 1#1: host not found in upstream "php_master" in /etc/nginx/conf.d/hank.zoey.conf:14
2021/08/09 11:10:10 [emerg] 1#1: host not found in upstream "php_master" in /etc/nginx/conf.d/hank.zoey.conf:14
2021/08/09 11:30:15 [emerg] 1#1: host not found in upstream "php_master" in /etc/nginx/conf.d/hank.zoey.conf:14
2021/08/09 11:30:24 [emerg] 1#1: host not found in upstream "php_master" in /etc/nginx/conf.d/hank.zoey.conf:14
2021/08/09 11:30:34 [emerg] 1#1: host not found in upstream "php_master" in /etc/nginx/conf.d/hank.zoey.conf:14
2021/08/09 11:30:43 [emerg] 1#1: host not found in upstream "php_master" in /etc/nginx/conf.d/hank.zoey.conf:14
2021/08/09 11:30:50 [emerg] 1#1: host not found in upstream "php_master" in /etc/nginx/conf.d/hank.zoey.conf:14
2021/08/09 11:30:55 [emerg] 1#1: host not found in upstream "php_master" in /etc/nginx/conf.d/hank.zoey.conf:14
2021/08/09 11:31:00 [emerg] 1#1: host not found in upstream "php_master" in /etc/nginx/conf.d/hank.zoey.conf:14
2021/08/09 11:31:07 [emerg] 1#1: host not found in upstream "php_master" in /etc/nginx/conf.d/hank.zoey.conf:14
2021/08/09 11:31:21 [emerg] 1#1: host not found in upstream "php_master" in /etc/nginx/conf.d/hank.zoey.conf:14
2021/08/09 11:33:03 [emerg] 1#1: host not found in upstream "php_master" in /etc/nginx/conf.d/hank.zoey.conf:14
2021/08/09 11:33:11 [emerg] 1#1: host not found in upstream "php_master" in /etc/nginx/conf.d/hank.zoey.conf:14
2021/08/09 11:33:18 [emerg] 1#1: host not found in upstream "php_master" in /etc/nginx/conf.d/hank.zoey.conf:14
2021/08/09 11:40:37 [emerg] 1#1: host not found in upstream "php_master" in /etc/nginx/conf.d/hank.zoey.conf:14
2021/08/09 11:58:19 [error] 30#30: *1 open() "/usr/share/nginx/html/favicon.ico" failed (2: No such file or directory), client: 172.18.0.1, server: localhost, request: "GET /favicon.ico HTTP/1.1", host: "127.0.0.1", referrer: "http://127.0.0.1/"
